<?xml version="1.0" encoding="UTF-8"?>
<coverage generated="1684337748535" clover="3.2.0">
  <project timestamp="1684337748535" name="All files">
    <metrics statements="55" coveredstatements="55" conditionals="25" coveredconditionals="25" methods="10" coveredmethods="10" elements="90" coveredelements="90" complexity="0" loc="55" ncloc="55" packages="6" files="6" classes="6"/>
    <package name="src">
      <metrics statements="1" coveredstatements="1" conditionals="0" coveredconditionals="0" methods="1" coveredmethods="1"/>
      <file name="App.tsx" path="/Users/emanuellourenco/Projectos/GIT Projects/calculator/src/App.tsx">
        <metrics statements="1" coveredstatements="1" conditionals="0" coveredconditionals="0" methods="1" coveredmethods="1"/>
        <line num="5" count="1" type="stmt"/>
      </file>
    </package>
    <package name="src.components.Button">
      <metrics statements="3" coveredstatements="3" conditionals="0" coveredconditionals="0" methods="2" coveredmethods="2"/>
      <file name="Button.tsx" path="/Users/emanuellourenco/Projectos/GIT Projects/calculator/src/components/Button/Button.tsx">
        <metrics statements="3" coveredstatements="3" conditionals="0" coveredconditionals="0" methods="2" coveredmethods="2"/>
        <line num="4" count="3" type="stmt"/>
        <line num="9" count="1484" type="stmt"/>
        <line num="13" count="93" type="stmt"/>
      </file>
    </package>
    <package name="src.components.Calculator">
      <metrics statements="3" coveredstatements="3" conditionals="2" coveredconditionals="2" methods="1" coveredmethods="1"/>
      <file name="Calculator.tsx" path="/Users/emanuellourenco/Projectos/GIT Projects/calculator/src/components/Calculator/Calculator.tsx">
        <metrics statements="3" coveredstatements="3" conditionals="2" coveredconditionals="2" methods="1" coveredmethods="1"/>
        <line num="5" count="2" type="stmt"/>
        <line num="6" count="84" type="stmt"/>
        <line num="8" count="84" type="stmt"/>
      </file>
    </package>
    <package name="src.components.Keypad">
      <metrics statements="2" coveredstatements="2" conditionals="0" coveredconditionals="0" methods="1" coveredmethods="1"/>
      <file name="Keypad.tsx" path="/Users/emanuellourenco/Projectos/GIT Projects/calculator/src/components/Keypad/Keypad.tsx">
        <metrics statements="2" coveredstatements="2" conditionals="0" coveredconditionals="0" methods="1" coveredmethods="1"/>
        <line num="5" count="2" type="stmt"/>
        <line num="6" count="78" type="stmt"/>
      </file>
    </package>
    <package name="src.components.Screen">
      <metrics statements="2" coveredstatements="2" conditionals="0" coveredconditionals="0" methods="1" coveredmethods="1"/>
      <file name="Screen.tsx" path="/Users/emanuellourenco/Projectos/GIT Projects/calculator/src/components/Screen/Screen.tsx">
        <metrics statements="2" coveredstatements="2" conditionals="0" coveredconditionals="0" methods="1" coveredmethods="1"/>
        <line num="4" count="3" type="stmt"/>
        <line num="5" count="79" type="stmt"/>
      </file>
    </package>
    <package name="src.hooks">
      <metrics statements="44" coveredstatements="44" conditionals="23" coveredconditionals="23" methods="4" coveredmethods="4"/>
      <file name="useCalculations.tsx" path="/Users/emanuellourenco/Projectos/GIT Projects/calculator/src/hooks/useCalculations.tsx">
        <metrics statements="44" coveredstatements="44" conditionals="23" coveredconditionals="23" methods="4" coveredmethods="4"/>
        <line num="3" count="2" type="stmt"/>
        <line num="4" count="84" type="stmt"/>
        <line num="5" count="84" type="stmt"/>
        <line num="6" count="84" type="stmt"/>
        <line num="8" count="84" type="stmt"/>
        <line num="9" count="7" type="cond" truecount="4" falsecount="0"/>
        <line num="11" count="3" type="stmt"/>
        <line num="13" count="1" type="stmt"/>
        <line num="15" count="1" type="stmt"/>
        <line num="18" count="2" type="stmt"/>
        <line num="22" count="84" type="stmt"/>
        <line num="23" count="17" type="cond" truecount="5" falsecount="0"/>
        <line num="25" count="1" type="stmt"/>
        <line num="26" count="1" type="stmt"/>
        <line num="27" count="1" type="stmt"/>
        <line num="28" count="1" type="stmt"/>
        <line num="31" count="1" type="stmt"/>
        <line num="32" count="1" type="stmt"/>
        <line num="35" count="6" type="cond" truecount="2" falsecount="0"/>
        <line num="36" count="5" type="stmt"/>
        <line num="41" count="5" type="stmt"/>
        <line num="43" count="5" type="stmt"/>
        <line num="46" count="6" type="stmt"/>
        <line num="47" count="6" type="stmt"/>
        <line num="50" count="2" type="cond" truecount="2" falsecount="0"/>
        <line num="51" count="1" type="stmt"/>
        <line num="57" count="1" type="stmt"/>
        <line num="58" count="1" type="stmt"/>
        <line num="60" count="2" type="stmt"/>
        <line num="63" count="7" type="cond" truecount="2" falsecount="0"/>
        <line num="64" count="1" type="stmt"/>
        <line num="69" count="1" type="stmt"/>
        <line num="71" count="6" type="stmt"/>
        <line num="74" count="7" type="stmt"/>
        <line num="75" count="7" type="stmt"/>
        <line num="79" count="84" type="stmt"/>
        <line num="82" count="75" type="cond" truecount="2" falsecount="0"/>
        <line num="83" count="56" type="cond" truecount="2" falsecount="0"/>
        <line num="84" count="7" type="stmt"/>
        <line num="85" count="7" type="cond" truecount="2" falsecount="0"/>
        <line num="86" count="7" type="stmt"/>
        <line num="88" count="49" type="cond" truecount="2" falsecount="0"/>
        <line num="90" count="56" type="stmt"/>
        <line num="94" count="84" type="stmt"/>
      </file>
    </package>
  </project>
</coverage>
