{"/Users/emanuellourenco/Projectos/GIT Projects/calculator/src/App.tsx": {"path":"/Users/emanuellourenco/Projectos/GIT Projects/calculator/src/App.tsx","statementMap":{"0":{"start":{"line":4,"column":19},"end":{"line":8,"column":1}},"1":{"start":{"line":5,"column":2},"end":{"line":7,"column":8}}},"fnMap":{"0":{"name":"(anonymous_0)","decl":{"start":{"line":4,"column":19},"end":{"line":4,"column":20}},"loc":{"start":{"line":5,"column":2},"end":{"line":7,"column":8}},"line":5}},"branchMap":{},"s":{"0":0,"1":0},"f":{"0":0},"b":{}}
,"/Users/emanuellourenco/Projectos/GIT Projects/calculator/src/calculator/Calculator.tsx": {"path":"/Users/emanuellourenco/Projectos/GIT Projects/calculator/src/calculator/Calculator.tsx","statementMap":{"0":{"start":{"line":6,"column":62},"end":{"line":6,"column":79}},"1":{"start":{"line":8,"column":2},"end":{"line":13,"column":4}}},"fnMap":{"0":{"name":"Calculator","decl":{"start":{"line":5,"column":9},"end":{"line":5,"column":19}},"loc":{"start":{"line":5,"column":22},"end":{"line":14,"column":1}},"line":5}},"branchMap":{"0":{"loc":{"start":{"line":10,"column":21},"end":{"line":10,"column":54}},"type":"cond-expr","locations":[{"start":{"line":10,"column":39},"end":{"line":10,"column":46}},{"start":{"line":10,"column":49},"end":{"line":10,"column":54}}],"line":10}},"s":{"0":83,"1":83},"f":{"0":83},"b":{"0":[62,21]},"_coverageSchema":"1a1c01bbd47fc00a2c39e90264f33305004495a9","hash":"41ed5cacb86e049985105c50a2b6ca51135feed6"}
,"/Users/emanuellourenco/Projectos/GIT Projects/calculator/src/components/Button/Button.tsx": {"path":"/Users/emanuellourenco/Projectos/GIT Projects/calculator/src/components/Button/Button.tsx","statementMap":{"0":{"start":{"line":4,"column":45},"end":{"line":19,"column":1}},"1":{"start":{"line":9,"column":2},"end":{"line":18,"column":8}},"2":{"start":{"line":13,"column":8},"end":{"line":13,"column":23}}},"fnMap":{"0":{"name":"(anonymous_0)","decl":{"start":{"line":4,"column":45},"end":{"line":4,"column":46}},"loc":{"start":{"line":9,"column":2},"end":{"line":18,"column":8}},"line":9},"1":{"name":"(anonymous_1)","decl":{"start":{"line":12,"column":15},"end":{"line":12,"column":16}},"loc":{"start":{"line":12,"column":21},"end":{"line":14,"column":7}},"line":12}},"branchMap":{},"s":{"0":2,"1":1465,"2":93},"f":{"0":1465,"1":93},"b":{},"_coverageSchema":"1a1c01bbd47fc00a2c39e90264f33305004495a9","hash":"3259f8cde0e2a538340722d52a0651f0905a4ed1"}
,"/Users/emanuellourenco/Projectos/GIT Projects/calculator/src/components/Keypad/Keypad.tsx": {"path":"/Users/emanuellourenco/Projectos/GIT Projects/calculator/src/components/Keypad/Keypad.tsx","statementMap":{"0":{"start":{"line":5,"column":45},"end":{"line":31,"column":1}},"1":{"start":{"line":6,"column":2},"end":{"line":30,"column":8}}},"fnMap":{"0":{"name":"(anonymous_0)","decl":{"start":{"line":5,"column":45},"end":{"line":5,"column":46}},"loc":{"start":{"line":6,"column":2},"end":{"line":30,"column":8}},"line":6}},"branchMap":{},"s":{"0":1,"1":77},"f":{"0":77},"b":{},"_coverageSchema":"1a1c01bbd47fc00a2c39e90264f33305004495a9","hash":"f5e960f2875d94ea5948f0f564208f4c47d84539"}
,"/Users/emanuellourenco/Projectos/GIT Projects/calculator/src/components/Screen/Screen.tsx": {"path":"/Users/emanuellourenco/Projectos/GIT Projects/calculator/src/components/Screen/Screen.tsx","statementMap":{"0":{"start":{"line":4,"column":45},"end":{"line":14,"column":1}},"1":{"start":{"line":5,"column":2},"end":{"line":13,"column":8}}},"fnMap":{"0":{"name":"(anonymous_0)","decl":{"start":{"line":4,"column":45},"end":{"line":4,"column":46}},"loc":{"start":{"line":5,"column":2},"end":{"line":13,"column":8}},"line":5}},"branchMap":{},"s":{"0":2,"1":78},"f":{"0":78},"b":{},"_coverageSchema":"1a1c01bbd47fc00a2c39e90264f33305004495a9","hash":"9524521cfcc36b29e2eb71f4d86ed9990f72b3ab"}
,"/Users/emanuellourenco/Projectos/GIT Projects/calculator/src/hooks/useCalculations.tsx": {"path":"/Users/emanuellourenco/Projectos/GIT Projects/calculator/src/hooks/useCalculations.tsx","statementMap":{"0":{"start":{"line":3,"column":31},"end":{"line":96,"column":1}},"1":{"start":{"line":4,"column":32},"end":{"line":4,"column":53}},"2":{"start":{"line":5,"column":30},"end":{"line":5,"column":59}},"3":{"start":{"line":6,"column":28},"end":{"line":6,"column":49}},"4":{"start":{"line":8,"column":26},"end":{"line":21,"column":3}},"5":{"start":{"line":9,"column":4},"end":{"line":20,"column":5}},"6":{"start":{"line":11,"column":8},"end":{"line":11,"column":27}},"7":{"start":{"line":13,"column":8},"end":{"line":13,"column":27}},"8":{"start":{"line":15,"column":8},"end":{"line":15,"column":27}},"9":{"start":{"line":17,"column":8},"end":{"line":17,"column":27}},"10":{"start":{"line":19,"column":8},"end":{"line":19,"column":17}},"11":{"start":{"line":23,"column":26},"end":{"line":78,"column":3}},"12":{"start":{"line":24,"column":4},"end":{"line":77,"column":5}},"13":{"start":{"line":26,"column":8},"end":{"line":26,"column":24}},"14":{"start":{"line":27,"column":8},"end":{"line":27,"column":24}},"15":{"start":{"line":28,"column":8},"end":{"line":28,"column":22}},"16":{"start":{"line":29,"column":8},"end":{"line":29,"column":14}},"17":{"start":{"line":32,"column":8},"end":{"line":32,"column":24}},"18":{"start":{"line":33,"column":8},"end":{"line":33,"column":14}},"19":{"start":{"line":36,"column":8},"end":{"line":45,"column":9}},"20":{"start":{"line":37,"column":34},"end":{"line":41,"column":22}},"21":{"start":{"line":42,"column":10},"end":{"line":42,"column":30}},"22":{"start":{"line":44,"column":10},"end":{"line":44,"column":26}},"23":{"start":{"line":47,"column":8},"end":{"line":47,"column":22}},"24":{"start":{"line":48,"column":8},"end":{"line":48,"column":14}},"25":{"start":{"line":51,"column":8},"end":{"line":60,"column":9}},"26":{"start":{"line":52,"column":34},"end":{"line":56,"column":22}},"27":{"start":{"line":58,"column":10},"end":{"line":58,"column":28}},"28":{"start":{"line":59,"column":10},"end":{"line":59,"column":26}},"29":{"start":{"line":61,"column":8},"end":{"line":61,"column":14}},"30":{"start":{"line":64,"column":8},"end":{"line":73,"column":9}},"31":{"start":{"line":65,"column":34},"end":{"line":69,"column":22}},"32":{"start":{"line":70,"column":10},"end":{"line":70,"column":28}},"33":{"start":{"line":72,"column":10},"end":{"line":72,"column":28}},"34":{"start":{"line":75,"column":8},"end":{"line":75,"column":23}},"35":{"start":{"line":76,"column":8},"end":{"line":76,"column":24}},"36":{"start":{"line":80,"column":25},"end":{"line":93,"column":3}},"37":{"start":{"line":83,"column":4},"end":{"line":92,"column":5}},"38":{"start":{"line":84,"column":6},"end":{"line":90,"column":7}},"39":{"start":{"line":85,"column":21},"end":{"line":85,"column":41}},"40":{"start":{"line":86,"column":8},"end":{"line":86,"column":62}},"41":{"start":{"line":87,"column":8},"end":{"line":87,"column":27}},"42":{"start":{"line":89,"column":8},"end":{"line":89,"column":60}},"43":{"start":{"line":91,"column":6},"end":{"line":91,"column":25}},"44":{"start":{"line":95,"column":2},"end":{"line":95,"column":61}}},"fnMap":{"0":{"name":"(anonymous_0)","decl":{"start":{"line":3,"column":31},"end":{"line":3,"column":32}},"loc":{"start":{"line":3,"column":37},"end":{"line":96,"column":1}},"line":3},"1":{"name":"(anonymous_1)","decl":{"start":{"line":8,"column":26},"end":{"line":8,"column":27}},"loc":{"start":{"line":8,"column":71},"end":{"line":21,"column":3}},"line":8},"2":{"name":"(anonymous_2)","decl":{"start":{"line":23,"column":26},"end":{"line":23,"column":27}},"loc":{"start":{"line":23,"column":43},"end":{"line":78,"column":3}},"line":23},"3":{"name":"(anonymous_3)","decl":{"start":{"line":80,"column":25},"end":{"line":80,"column":26}},"loc":{"start":{"line":80,"column":42},"end":{"line":93,"column":3}},"line":80}},"branchMap":{"0":{"loc":{"start":{"line":9,"column":4},"end":{"line":20,"column":5}},"type":"switch","locations":[{"start":{"line":10,"column":6},"end":{"line":11,"column":27}},{"start":{"line":12,"column":6},"end":{"line":13,"column":27}},{"start":{"line":14,"column":6},"end":{"line":15,"column":27}},{"start":{"line":16,"column":6},"end":{"line":17,"column":27}},{"start":{"line":18,"column":6},"end":{"line":19,"column":17}}],"line":9},"1":{"loc":{"start":{"line":24,"column":4},"end":{"line":77,"column":5}},"type":"switch","locations":[{"start":{"line":25,"column":6},"end":{"line":29,"column":14}},{"start":{"line":31,"column":6},"end":{"line":33,"column":14}},{"start":{"line":35,"column":6},"end":{"line":48,"column":14}},{"start":{"line":50,"column":6},"end":{"line":61,"column":14}},{"start":{"line":63,"column":6},"end":{"line":76,"column":24}}],"line":24},"2":{"loc":{"start":{"line":36,"column":8},"end":{"line":45,"column":9}},"type":"if","locations":[{"start":{"line":36,"column":8},"end":{"line":45,"column":9}},{"start":{},"end":{}}],"line":36},"3":{"loc":{"start":{"line":51,"column":8},"end":{"line":60,"column":9}},"type":"if","locations":[{"start":{"line":51,"column":8},"end":{"line":60,"column":9}},{"start":{},"end":{}}],"line":51},"4":{"loc":{"start":{"line":64,"column":8},"end":{"line":73,"column":9}},"type":"if","locations":[{"start":{"line":64,"column":8},"end":{"line":73,"column":9}},{"start":{"line":71,"column":15},"end":{"line":73,"column":9}}],"line":64},"5":{"loc":{"start":{"line":83,"column":4},"end":{"line":92,"column":5}},"type":"if","locations":[{"start":{"line":83,"column":4},"end":{"line":92,"column":5}},{"start":{},"end":{}}],"line":83},"6":{"loc":{"start":{"line":84,"column":6},"end":{"line":90,"column":7}},"type":"if","locations":[{"start":{"line":84,"column":6},"end":{"line":90,"column":7}},{"start":{"line":88,"column":13},"end":{"line":90,"column":7}}],"line":84},"7":{"loc":{"start":{"line":86,"column":17},"end":{"line":86,"column":61}},"type":"cond-expr","locations":[{"start":{"line":86,"column":33},"end":{"line":86,"column":51}},{"start":{"line":86,"column":54},"end":{"line":86,"column":61}}],"line":86},"8":{"loc":{"start":{"line":89,"column":17},"end":{"line":89,"column":59}},"type":"cond-expr","locations":[{"start":{"line":89,"column":35},"end":{"line":89,"column":53}},{"start":{"line":89,"column":56},"end":{"line":89,"column":59}}],"line":89}},"s":{"0":1,"1":83,"2":83,"3":83,"4":83,"5":7,"6":2,"7":3,"8":1,"9":1,"10":0,"11":83,"12":17,"13":1,"14":1,"15":1,"16":1,"17":1,"18":1,"19":6,"20":5,"21":5,"22":5,"23":6,"24":6,"25":2,"26":1,"27":1,"28":1,"29":2,"30":7,"31":1,"32":1,"33":6,"34":7,"35":7,"36":83,"37":75,"38":56,"39":7,"40":7,"41":7,"42":49,"43":56,"44":83},"f":{"0":83,"1":7,"2":17,"3":75},"b":{"0":[2,3,1,1,0],"1":[1,1,6,2,7],"2":[5,1],"3":[1,1],"4":[1,6],"5":[56,19],"6":[7,49],"7":[2,5],"8":[30,19]},"_coverageSchema":"1a1c01bbd47fc00a2c39e90264f33305004495a9","hash":"050e5877dd34f3e2867dd8ee149b0b89cbe9c8af"}
}
