{"/Users/emanuellourenco/Projectos/GIT Projects/calculator/src/App.tsx": {"path":"/Users/emanuellourenco/Projectos/GIT Projects/calculator/src/App.tsx","statementMap":{"0":{"start":{"line":5,"column":2},"end":{"line":9,"column":4}}},"fnMap":{"0":{"name":"App","decl":{"start":{"line":4,"column":9},"end":{"line":4,"column":12}},"loc":{"start":{"line":4,"column":15},"end":{"line":10,"column":1}},"line":4}},"branchMap":{},"s":{"0":1},"f":{"0":1},"b":{},"_coverageSchema":"1a1c01bbd47fc00a2c39e90264f33305004495a9","hash":"593035d1c87dcba2889221a6eacc44d2b0ac54f6"}
,"/Users/emanuellourenco/Projectos/GIT Projects/calculator/src/components/Button/Button.tsx": {"path":"/Users/emanuellourenco/Projectos/GIT Projects/calculator/src/components/Button/Button.tsx","statementMap":{"0":{"start":{"line":4,"column":45},"end":{"line":19,"column":1}},"1":{"start":{"line":9,"column":2},"end":{"line":18,"column":8}},"2":{"start":{"line":13,"column":8},"end":{"line":13,"column":23}}},"fnMap":{"0":{"name":"(anonymous_0)","decl":{"start":{"line":4,"column":45},"end":{"line":4,"column":46}},"loc":{"start":{"line":9,"column":2},"end":{"line":18,"column":8}},"line":9},"1":{"name":"(anonymous_1)","decl":{"start":{"line":12,"column":15},"end":{"line":12,"column":16}},"loc":{"start":{"line":12,"column":21},"end":{"line":14,"column":7}},"line":12}},"branchMap":{},"s":{"0":3,"1":1484,"2":93},"f":{"0":1484,"1":93},"b":{},"_coverageSchema":"1a1c01bbd47fc00a2c39e90264f33305004495a9","hash":"3259f8cde0e2a538340722d52a0651f0905a4ed1"}
,"/Users/emanuellourenco/Projectos/GIT Projects/calculator/src/components/Calculator/Calculator.tsx": {"path":"/Users/emanuellourenco/Projectos/GIT Projects/calculator/src/components/Calculator/Calculator.tsx","statementMap":{"0":{"start":{"line":5,"column":26},"end":{"line":14,"column":1}},"1":{"start":{"line":6,"column":62},"end":{"line":6,"column":79}},"2":{"start":{"line":8,"column":2},"end":{"line":13,"column":4}}},"fnMap":{"0":{"name":"(anonymous_0)","decl":{"start":{"line":5,"column":26},"end":{"line":5,"column":27}},"loc":{"start":{"line":5,"column":32},"end":{"line":14,"column":1}},"line":5}},"branchMap":{"0":{"loc":{"start":{"line":10,"column":21},"end":{"line":10,"column":54}},"type":"cond-expr","locations":[{"start":{"line":10,"column":39},"end":{"line":10,"column":46}},{"start":{"line":10,"column":49},"end":{"line":10,"column":54}}],"line":10}},"s":{"0":2,"1":84,"2":84},"f":{"0":84},"b":{"0":[62,22]},"_coverageSchema":"1a1c01bbd47fc00a2c39e90264f33305004495a9","hash":"d6484afca4b6220eaa5f728b18d0d80c9c6fdb71"}
,"/Users/emanuellourenco/Projectos/GIT Projects/calculator/src/components/Keypad/Keypad.tsx": {"path":"/Users/emanuellourenco/Projectos/GIT Projects/calculator/src/components/Keypad/Keypad.tsx","statementMap":{"0":{"start":{"line":5,"column":45},"end":{"line":31,"column":1}},"1":{"start":{"line":6,"column":2},"end":{"line":30,"column":8}}},"fnMap":{"0":{"name":"(anonymous_0)","decl":{"start":{"line":5,"column":45},"end":{"line":5,"column":46}},"loc":{"start":{"line":6,"column":2},"end":{"line":30,"column":8}},"line":6}},"branchMap":{},"s":{"0":2,"1":78},"f":{"0":78},"b":{},"_coverageSchema":"1a1c01bbd47fc00a2c39e90264f33305004495a9","hash":"f5e960f2875d94ea5948f0f564208f4c47d84539"}
,"/Users/emanuellourenco/Projectos/GIT Projects/calculator/src/components/Screen/Screen.tsx": {"path":"/Users/emanuellourenco/Projectos/GIT Projects/calculator/src/components/Screen/Screen.tsx","statementMap":{"0":{"start":{"line":4,"column":45},"end":{"line":14,"column":1}},"1":{"start":{"line":5,"column":2},"end":{"line":13,"column":8}}},"fnMap":{"0":{"name":"(anonymous_0)","decl":{"start":{"line":4,"column":45},"end":{"line":4,"column":46}},"loc":{"start":{"line":5,"column":2},"end":{"line":13,"column":8}},"line":5}},"branchMap":{},"s":{"0":3,"1":79},"f":{"0":79},"b":{},"_coverageSchema":"1a1c01bbd47fc00a2c39e90264f33305004495a9","hash":"9524521cfcc36b29e2eb71f4d86ed9990f72b3ab"}
,"/Users/emanuellourenco/Projectos/GIT Projects/calculator/src/hooks/useCalculations.tsx": {"path":"/Users/emanuellourenco/Projectos/GIT Projects/calculator/src/hooks/useCalculations.tsx","statementMap":{"0":{"start":{"line":3,"column":31},"end":{"line":95,"column":1}},"1":{"start":{"line":4,"column":32},"end":{"line":4,"column":53}},"2":{"start":{"line":5,"column":30},"end":{"line":5,"column":59}},"3":{"start":{"line":6,"column":28},"end":{"line":6,"column":49}},"4":{"start":{"line":8,"column":26},"end":{"line":20,"column":3}},"5":{"start":{"line":9,"column":4},"end":{"line":19,"column":5}},"6":{"start":{"line":11,"column":8},"end":{"line":11,"column":27}},"7":{"start":{"line":13,"column":8},"end":{"line":13,"column":27}},"8":{"start":{"line":15,"column":8},"end":{"line":15,"column":27}},"9":{"start":{"line":18,"column":8},"end":{"line":18,"column":27}},"10":{"start":{"line":22,"column":26},"end":{"line":77,"column":3}},"11":{"start":{"line":23,"column":4},"end":{"line":76,"column":5}},"12":{"start":{"line":25,"column":8},"end":{"line":25,"column":24}},"13":{"start":{"line":26,"column":8},"end":{"line":26,"column":24}},"14":{"start":{"line":27,"column":8},"end":{"line":27,"column":22}},"15":{"start":{"line":28,"column":8},"end":{"line":28,"column":14}},"16":{"start":{"line":31,"column":8},"end":{"line":31,"column":24}},"17":{"start":{"line":32,"column":8},"end":{"line":32,"column":14}},"18":{"start":{"line":35,"column":8},"end":{"line":44,"column":9}},"19":{"start":{"line":36,"column":34},"end":{"line":40,"column":22}},"20":{"start":{"line":41,"column":10},"end":{"line":41,"column":30}},"21":{"start":{"line":43,"column":10},"end":{"line":43,"column":26}},"22":{"start":{"line":46,"column":8},"end":{"line":46,"column":22}},"23":{"start":{"line":47,"column":8},"end":{"line":47,"column":14}},"24":{"start":{"line":50,"column":8},"end":{"line":59,"column":9}},"25":{"start":{"line":51,"column":34},"end":{"line":55,"column":22}},"26":{"start":{"line":57,"column":10},"end":{"line":57,"column":28}},"27":{"start":{"line":58,"column":10},"end":{"line":58,"column":26}},"28":{"start":{"line":60,"column":8},"end":{"line":60,"column":14}},"29":{"start":{"line":63,"column":8},"end":{"line":72,"column":9}},"30":{"start":{"line":64,"column":34},"end":{"line":68,"column":22}},"31":{"start":{"line":69,"column":10},"end":{"line":69,"column":28}},"32":{"start":{"line":71,"column":10},"end":{"line":71,"column":28}},"33":{"start":{"line":74,"column":8},"end":{"line":74,"column":23}},"34":{"start":{"line":75,"column":8},"end":{"line":75,"column":24}},"35":{"start":{"line":79,"column":25},"end":{"line":92,"column":3}},"36":{"start":{"line":82,"column":4},"end":{"line":91,"column":5}},"37":{"start":{"line":83,"column":6},"end":{"line":89,"column":7}},"38":{"start":{"line":84,"column":21},"end":{"line":84,"column":41}},"39":{"start":{"line":85,"column":8},"end":{"line":85,"column":62}},"40":{"start":{"line":86,"column":8},"end":{"line":86,"column":27}},"41":{"start":{"line":88,"column":8},"end":{"line":88,"column":60}},"42":{"start":{"line":90,"column":6},"end":{"line":90,"column":25}},"43":{"start":{"line":94,"column":2},"end":{"line":94,"column":61}}},"fnMap":{"0":{"name":"(anonymous_0)","decl":{"start":{"line":3,"column":31},"end":{"line":3,"column":32}},"loc":{"start":{"line":3,"column":37},"end":{"line":95,"column":1}},"line":3},"1":{"name":"(anonymous_1)","decl":{"start":{"line":8,"column":26},"end":{"line":8,"column":27}},"loc":{"start":{"line":8,"column":71},"end":{"line":20,"column":3}},"line":8},"2":{"name":"(anonymous_2)","decl":{"start":{"line":22,"column":26},"end":{"line":22,"column":27}},"loc":{"start":{"line":22,"column":43},"end":{"line":77,"column":3}},"line":22},"3":{"name":"(anonymous_3)","decl":{"start":{"line":79,"column":25},"end":{"line":79,"column":26}},"loc":{"start":{"line":79,"column":42},"end":{"line":92,"column":3}},"line":79}},"branchMap":{"0":{"loc":{"start":{"line":9,"column":4},"end":{"line":19,"column":5}},"type":"switch","locations":[{"start":{"line":10,"column":6},"end":{"line":11,"column":27}},{"start":{"line":12,"column":6},"end":{"line":13,"column":27}},{"start":{"line":14,"column":6},"end":{"line":15,"column":27}},{"start":{"line":16,"column":6},"end":{"line":18,"column":27}}],"line":9},"1":{"loc":{"start":{"line":23,"column":4},"end":{"line":76,"column":5}},"type":"switch","locations":[{"start":{"line":24,"column":6},"end":{"line":28,"column":14}},{"start":{"line":30,"column":6},"end":{"line":32,"column":14}},{"start":{"line":34,"column":6},"end":{"line":47,"column":14}},{"start":{"line":49,"column":6},"end":{"line":60,"column":14}},{"start":{"line":62,"column":6},"end":{"line":75,"column":24}}],"line":23},"2":{"loc":{"start":{"line":35,"column":8},"end":{"line":44,"column":9}},"type":"if","locations":[{"start":{"line":35,"column":8},"end":{"line":44,"column":9}},{"start":{},"end":{}}],"line":35},"3":{"loc":{"start":{"line":50,"column":8},"end":{"line":59,"column":9}},"type":"if","locations":[{"start":{"line":50,"column":8},"end":{"line":59,"column":9}},{"start":{},"end":{}}],"line":50},"4":{"loc":{"start":{"line":63,"column":8},"end":{"line":72,"column":9}},"type":"if","locations":[{"start":{"line":63,"column":8},"end":{"line":72,"column":9}},{"start":{"line":70,"column":15},"end":{"line":72,"column":9}}],"line":63},"5":{"loc":{"start":{"line":82,"column":4},"end":{"line":91,"column":5}},"type":"if","locations":[{"start":{"line":82,"column":4},"end":{"line":91,"column":5}},{"start":{},"end":{}}],"line":82},"6":{"loc":{"start":{"line":83,"column":6},"end":{"line":89,"column":7}},"type":"if","locations":[{"start":{"line":83,"column":6},"end":{"line":89,"column":7}},{"start":{"line":87,"column":13},"end":{"line":89,"column":7}}],"line":83},"7":{"loc":{"start":{"line":85,"column":17},"end":{"line":85,"column":61}},"type":"cond-expr","locations":[{"start":{"line":85,"column":33},"end":{"line":85,"column":51}},{"start":{"line":85,"column":54},"end":{"line":85,"column":61}}],"line":85},"8":{"loc":{"start":{"line":88,"column":17},"end":{"line":88,"column":59}},"type":"cond-expr","locations":[{"start":{"line":88,"column":35},"end":{"line":88,"column":53}},{"start":{"line":88,"column":56},"end":{"line":88,"column":59}}],"line":88}},"s":{"0":2,"1":84,"2":84,"3":84,"4":84,"5":7,"6":3,"7":1,"8":1,"9":2,"10":84,"11":17,"12":1,"13":1,"14":1,"15":1,"16":1,"17":1,"18":6,"19":5,"20":5,"21":5,"22":6,"23":6,"24":2,"25":1,"26":1,"27":1,"28":2,"29":7,"30":1,"31":1,"32":6,"33":7,"34":7,"35":84,"36":75,"37":56,"38":7,"39":7,"40":7,"41":49,"42":56,"43":84},"f":{"0":84,"1":7,"2":17,"3":75},"b":{"0":[3,1,1,2],"1":[1,1,6,2,7],"2":[5,1],"3":[1,1],"4":[1,6],"5":[56,19],"6":[7,49],"7":[2,5],"8":[30,19]},"_coverageSchema":"1a1c01bbd47fc00a2c39e90264f33305004495a9","hash":"0946ec62c5264a87b9aad01c9d3c61bee358ce74"}
}
