{"/Users/emanuellourenco/Projectos/GIT Projects/calculator/src/App.tsx": {"path":"/Users/emanuellourenco/Projectos/GIT Projects/calculator/src/App.tsx","statementMap":{"0":{"start":{"line":5,"column":2},"end":{"line":9,"column":4}}},"fnMap":{"0":{"name":"App","decl":{"start":{"line":4,"column":9},"end":{"line":4,"column":12}},"loc":{"start":{"line":4,"column":15},"end":{"line":10,"column":1}},"line":4}},"branchMap":{},"s":{"0":0},"f":{"0":0},"b":{}}
,"/Users/emanuellourenco/Projectos/GIT Projects/calculator/src/index.tsx": {"path":"/Users/emanuellourenco/Projectos/GIT Projects/calculator/src/index.tsx","statementMap":{"0":{"start":{"line":6,"column":13},"end":{"line":8,"column":1}},"1":{"start":{"line":9,"column":0},"end":{"line":9,"column":21}}},"fnMap":{},"branchMap":{},"s":{"0":0,"1":0},"f":{},"b":{}}
,"/Users/emanuellourenco/Projectos/GIT Projects/calculator/src/components/Button/Button.tsx": {"path":"/Users/emanuellourenco/Projectos/GIT Projects/calculator/src/components/Button/Button.tsx","statementMap":{"0":{"start":{"line":4,"column":45},"end":{"line":19,"column":1}},"1":{"start":{"line":9,"column":2},"end":{"line":18,"column":8}},"2":{"start":{"line":13,"column":8},"end":{"line":13,"column":23}}},"fnMap":{"0":{"name":"(anonymous_0)","decl":{"start":{"line":4,"column":45},"end":{"line":4,"column":46}},"loc":{"start":{"line":9,"column":2},"end":{"line":18,"column":8}},"line":9},"1":{"name":"(anonymous_1)","decl":{"start":{"line":12,"column":15},"end":{"line":12,"column":16}},"loc":{"start":{"line":12,"column":21},"end":{"line":14,"column":7}},"line":12}},"branchMap":{},"s":{"0":2,"1":21,"2":1},"f":{"0":21,"1":1},"b":{},"_coverageSchema":"1a1c01bbd47fc00a2c39e90264f33305004495a9","hash":"3259f8cde0e2a538340722d52a0651f0905a4ed1"}
,"/Users/emanuellourenco/Projectos/GIT Projects/calculator/src/components/Calculator/Calculator.test_old.tsx": {"path":"/Users/emanuellourenco/Projectos/GIT Projects/calculator/src/components/Calculator/Calculator.test_old.tsx","statementMap":{"0":{"start":{"line":4,"column":0},"end":{"line":159,"column":3}},"1":{"start":{"line":5,"column":2},"end":{"line":15,"column":5}},"2":{"start":{"line":6,"column":4},"end":{"line":6,"column":27}},"3":{"start":{"line":8,"column":4},"end":{"line":10,"column":6}},"4":{"start":{"line":9,"column":6},"end":{"line":9,"column":46}},"5":{"start":{"line":12,"column":18},"end":{"line":12,"column":71}},"6":{"start":{"line":14,"column":4},"end":{"line":14,"column":37}},"7":{"start":{"line":17,"column":2},"end":{"line":27,"column":5}},"8":{"start":{"line":18,"column":4},"end":{"line":18,"column":27}},"9":{"start":{"line":20,"column":4},"end":{"line":22,"column":6}},"10":{"start":{"line":21,"column":6},"end":{"line":21,"column":46}},"11":{"start":{"line":24,"column":18},"end":{"line":24,"column":71}},"12":{"start":{"line":26,"column":4},"end":{"line":26,"column":34}},"13":{"start":{"line":29,"column":2},"end":{"line":39,"column":5}},"14":{"start":{"line":30,"column":4},"end":{"line":30,"column":27}},"15":{"start":{"line":32,"column":4},"end":{"line":34,"column":6}},"16":{"start":{"line":33,"column":6},"end":{"line":33,"column":46}},"17":{"start":{"line":36,"column":18},"end":{"line":36,"column":71}},"18":{"start":{"line":38,"column":4},"end":{"line":38,"column":34}},"19":{"start":{"line":41,"column":2},"end":{"line":51,"column":5}},"20":{"start":{"line":42,"column":4},"end":{"line":42,"column":27}},"21":{"start":{"line":44,"column":4},"end":{"line":46,"column":6}},"22":{"start":{"line":45,"column":6},"end":{"line":45,"column":46}},"23":{"start":{"line":48,"column":18},"end":{"line":48,"column":71}},"24":{"start":{"line":50,"column":4},"end":{"line":50,"column":35}},"25":{"start":{"line":53,"column":2},"end":{"line":63,"column":5}},"26":{"start":{"line":54,"column":4},"end":{"line":54,"column":27}},"27":{"start":{"line":56,"column":4},"end":{"line":58,"column":6}},"28":{"start":{"line":57,"column":6},"end":{"line":57,"column":46}},"29":{"start":{"line":60,"column":18},"end":{"line":60,"column":71}},"30":{"start":{"line":62,"column":4},"end":{"line":62,"column":34}},"31":{"start":{"line":65,"column":2},"end":{"line":74,"column":5}},"32":{"start":{"line":66,"column":4},"end":{"line":66,"column":27}},"33":{"start":{"line":68,"column":4},"end":{"line":70,"column":6}},"34":{"start":{"line":69,"column":6},"end":{"line":69,"column":46}},"35":{"start":{"line":72,"column":18},"end":{"line":72,"column":71}},"36":{"start":{"line":73,"column":4},"end":{"line":73,"column":35}},"37":{"start":{"line":76,"column":2},"end":{"line":85,"column":5}},"38":{"start":{"line":77,"column":4},"end":{"line":77,"column":27}},"39":{"start":{"line":79,"column":4},"end":{"line":81,"column":6}},"40":{"start":{"line":80,"column":6},"end":{"line":80,"column":46}},"41":{"start":{"line":83,"column":18},"end":{"line":83,"column":71}},"42":{"start":{"line":84,"column":4},"end":{"line":84,"column":34}},"43":{"start":{"line":87,"column":2},"end":{"line":123,"column":5}},"44":{"start":{"line":88,"column":4},"end":{"line":88,"column":27}},"45":{"start":{"line":90,"column":4},"end":{"line":92,"column":6}},"46":{"start":{"line":91,"column":6},"end":{"line":91,"column":46}},"47":{"start":{"line":94,"column":28},"end":{"line":96,"column":25}},"48":{"start":{"line":98,"column":4},"end":{"line":98,"column":45}},"49":{"start":{"line":100,"column":4},"end":{"line":100,"column":43}},"50":{"start":{"line":101,"column":29},"end":{"line":103,"column":25}},"51":{"start":{"line":105,"column":4},"end":{"line":105,"column":45}},"52":{"start":{"line":107,"column":4},"end":{"line":109,"column":6}},"53":{"start":{"line":108,"column":6},"end":{"line":108,"column":46}},"54":{"start":{"line":111,"column":29},"end":{"line":113,"column":25}},"55":{"start":{"line":115,"column":4},"end":{"line":115,"column":46}},"56":{"start":{"line":117,"column":4},"end":{"line":117,"column":44}},"57":{"start":{"line":118,"column":28},"end":{"line":120,"column":25}},"58":{"start":{"line":122,"column":4},"end":{"line":122,"column":44}},"59":{"start":{"line":125,"column":2},"end":{"line":138,"column":5}},"60":{"start":{"line":126,"column":4},"end":{"line":126,"column":27}},"61":{"start":{"line":128,"column":4},"end":{"line":134,"column":5}},"62":{"start":{"line":128,"column":17},"end":{"line":128,"column":18}},"63":{"start":{"line":129,"column":6},"end":{"line":133,"column":7}},"64":{"start":{"line":130,"column":8},"end":{"line":130,"column":47}},"65":{"start":{"line":132,"column":8},"end":{"line":132,"column":47}},"66":{"start":{"line":136,"column":18},"end":{"line":136,"column":71}},"67":{"start":{"line":137,"column":4},"end":{"line":137,"column":59}},"68":{"start":{"line":140,"column":2},"end":{"line":148,"column":5}},"69":{"start":{"line":141,"column":4},"end":{"line":141,"column":27}},"70":{"start":{"line":143,"column":4},"end":{"line":143,"column":43}},"71":{"start":{"line":144,"column":4},"end":{"line":144,"column":43}},"72":{"start":{"line":146,"column":18},"end":{"line":146,"column":71}},"73":{"start":{"line":147,"column":4},"end":{"line":147,"column":34}},"74":{"start":{"line":150,"column":2},"end":{"line":158,"column":5}},"75":{"start":{"line":151,"column":4},"end":{"line":151,"column":27}},"76":{"start":{"line":153,"column":4},"end":{"line":153,"column":43}},"77":{"start":{"line":154,"column":4},"end":{"line":154,"column":43}},"78":{"start":{"line":156,"column":18},"end":{"line":156,"column":71}},"79":{"start":{"line":157,"column":4},"end":{"line":157,"column":34}}},"fnMap":{"0":{"name":"(anonymous_0)","decl":{"start":{"line":4,"column":23},"end":{"line":4,"column":24}},"loc":{"start":{"line":4,"column":29},"end":{"line":159,"column":1}},"line":4},"1":{"name":"(anonymous_1)","decl":{"start":{"line":5,"column":53},"end":{"line":5,"column":54}},"loc":{"start":{"line":5,"column":59},"end":{"line":15,"column":3}},"line":5},"2":{"name":"(anonymous_2)","decl":{"start":{"line":8,"column":33},"end":{"line":8,"column":34}},"loc":{"start":{"line":9,"column":6},"end":{"line":9,"column":46}},"line":9},"3":{"name":"(anonymous_3)","decl":{"start":{"line":17,"column":22},"end":{"line":17,"column":23}},"loc":{"start":{"line":17,"column":28},"end":{"line":27,"column":3}},"line":17},"4":{"name":"(anonymous_4)","decl":{"start":{"line":20,"column":33},"end":{"line":20,"column":34}},"loc":{"start":{"line":21,"column":6},"end":{"line":21,"column":46}},"line":21},"5":{"name":"(anonymous_5)","decl":{"start":{"line":29,"column":27},"end":{"line":29,"column":28}},"loc":{"start":{"line":29,"column":33},"end":{"line":39,"column":3}},"line":29},"6":{"name":"(anonymous_6)","decl":{"start":{"line":32,"column":33},"end":{"line":32,"column":34}},"loc":{"start":{"line":33,"column":6},"end":{"line":33,"column":46}},"line":33},"7":{"name":"(anonymous_7)","decl":{"start":{"line":41,"column":27},"end":{"line":41,"column":28}},"loc":{"start":{"line":41,"column":33},"end":{"line":51,"column":3}},"line":41},"8":{"name":"(anonymous_8)","decl":{"start":{"line":44,"column":33},"end":{"line":44,"column":34}},"loc":{"start":{"line":45,"column":6},"end":{"line":45,"column":46}},"line":45},"9":{"name":"(anonymous_9)","decl":{"start":{"line":53,"column":25},"end":{"line":53,"column":26}},"loc":{"start":{"line":53,"column":31},"end":{"line":63,"column":3}},"line":53},"10":{"name":"(anonymous_10)","decl":{"start":{"line":56,"column":33},"end":{"line":56,"column":34}},"loc":{"start":{"line":57,"column":6},"end":{"line":57,"column":46}},"line":57},"11":{"name":"(anonymous_11)","decl":{"start":{"line":65,"column":43},"end":{"line":65,"column":44}},"loc":{"start":{"line":65,"column":49},"end":{"line":74,"column":3}},"line":65},"12":{"name":"(anonymous_12)","decl":{"start":{"line":68,"column":43},"end":{"line":68,"column":44}},"loc":{"start":{"line":69,"column":6},"end":{"line":69,"column":46}},"line":69},"13":{"name":"(anonymous_13)","decl":{"start":{"line":76,"column":23},"end":{"line":76,"column":24}},"loc":{"start":{"line":76,"column":29},"end":{"line":85,"column":3}},"line":76},"14":{"name":"(anonymous_14)","decl":{"start":{"line":79,"column":43},"end":{"line":79,"column":44}},"loc":{"start":{"line":80,"column":6},"end":{"line":80,"column":46}},"line":80},"15":{"name":"(anonymous_15)","decl":{"start":{"line":87,"column":29},"end":{"line":87,"column":30}},"loc":{"start":{"line":87,"column":35},"end":{"line":123,"column":3}},"line":87},"16":{"name":"(anonymous_16)","decl":{"start":{"line":90,"column":23},"end":{"line":90,"column":24}},"loc":{"start":{"line":91,"column":6},"end":{"line":91,"column":46}},"line":91},"17":{"name":"(anonymous_17)","decl":{"start":{"line":107,"column":23},"end":{"line":107,"column":24}},"loc":{"start":{"line":108,"column":6},"end":{"line":108,"column":46}},"line":108},"18":{"name":"(anonymous_18)","decl":{"start":{"line":125,"column":27},"end":{"line":125,"column":28}},"loc":{"start":{"line":125,"column":33},"end":{"line":138,"column":3}},"line":125},"19":{"name":"(anonymous_19)","decl":{"start":{"line":140,"column":49},"end":{"line":140,"column":50}},"loc":{"start":{"line":140,"column":55},"end":{"line":148,"column":3}},"line":140},"20":{"name":"(anonymous_20)","decl":{"start":{"line":150,"column":51},"end":{"line":150,"column":52}},"loc":{"start":{"line":150,"column":57},"end":{"line":158,"column":3}},"line":150}},"branchMap":{"0":{"loc":{"start":{"line":129,"column":6},"end":{"line":133,"column":7}},"type":"if","locations":[{"start":{"line":129,"column":6},"end":{"line":133,"column":7}},{"start":{"line":131,"column":13},"end":{"line":133,"column":7}}],"line":129}},"s":{"0":0,"1":0,"2":0,"3":0,"4":0,"5":0,"6":0,"7":0,"8":0,"9":0,"10":0,"11":0,"12":0,"13":0,"14":0,"15":0,"16":0,"17":0,"18":0,"19":0,"20":0,"21":0,"22":0,"23":0,"24":0,"25":0,"26":0,"27":0,"28":0,"29":0,"30":0,"31":0,"32":0,"33":0,"34":0,"35":0,"36":0,"37":0,"38":0,"39":0,"40":0,"41":0,"42":0,"43":0,"44":0,"45":0,"46":0,"47":0,"48":0,"49":0,"50":0,"51":0,"52":0,"53":0,"54":0,"55":0,"56":0,"57":0,"58":0,"59":0,"60":0,"61":0,"62":0,"63":0,"64":0,"65":0,"66":0,"67":0,"68":0,"69":0,"70":0,"71":0,"72":0,"73":0,"74":0,"75":0,"76":0,"77":0,"78":0,"79":0},"f":{"0":0,"1":0,"2":0,"3":0,"4":0,"5":0,"6":0,"7":0,"8":0,"9":0,"10":0,"11":0,"12":0,"13":0,"14":0,"15":0,"16":0,"17":0,"18":0,"19":0,"20":0},"b":{"0":[0,0]}}
,"/Users/emanuellourenco/Projectos/GIT Projects/calculator/src/components/Calculator/Calculator.tsx": {"path":"/Users/emanuellourenco/Projectos/GIT Projects/calculator/src/components/Calculator/Calculator.tsx","statementMap":{"0":{"start":{"line":5,"column":26},"end":{"line":14,"column":1}},"1":{"start":{"line":6,"column":62},"end":{"line":6,"column":79}},"2":{"start":{"line":8,"column":2},"end":{"line":13,"column":4}}},"fnMap":{"0":{"name":"(anonymous_0)","decl":{"start":{"line":5,"column":26},"end":{"line":5,"column":27}},"loc":{"start":{"line":5,"column":32},"end":{"line":14,"column":1}},"line":5}},"branchMap":{"0":{"loc":{"start":{"line":10,"column":21},"end":{"line":10,"column":54}},"type":"cond-expr","locations":[{"start":{"line":10,"column":39},"end":{"line":10,"column":46}},{"start":{"line":10,"column":49},"end":{"line":10,"column":54}}],"line":10}},"s":{"0":1,"1":1,"2":1},"f":{"0":1},"b":{"0":[0,1]},"_coverageSchema":"1a1c01bbd47fc00a2c39e90264f33305004495a9","hash":"d6484afca4b6220eaa5f728b18d0d80c9c6fdb71"}
,"/Users/emanuellourenco/Projectos/GIT Projects/calculator/src/components/Keypad/Keypad.tsx": {"path":"/Users/emanuellourenco/Projectos/GIT Projects/calculator/src/components/Keypad/Keypad.tsx","statementMap":{"0":{"start":{"line":5,"column":45},"end":{"line":31,"column":1}},"1":{"start":{"line":6,"column":2},"end":{"line":30,"column":8}}},"fnMap":{"0":{"name":"(anonymous_0)","decl":{"start":{"line":5,"column":45},"end":{"line":5,"column":46}},"loc":{"start":{"line":6,"column":2},"end":{"line":30,"column":8}},"line":6}},"branchMap":{},"s":{"0":1,"1":1},"f":{"0":1},"b":{},"_coverageSchema":"1a1c01bbd47fc00a2c39e90264f33305004495a9","hash":"f5e960f2875d94ea5948f0f564208f4c47d84539"}
,"/Users/emanuellourenco/Projectos/GIT Projects/calculator/src/components/Screen/Screen.tsx": {"path":"/Users/emanuellourenco/Projectos/GIT Projects/calculator/src/components/Screen/Screen.tsx","statementMap":{"0":{"start":{"line":4,"column":45},"end":{"line":14,"column":1}},"1":{"start":{"line":5,"column":2},"end":{"line":13,"column":8}}},"fnMap":{"0":{"name":"(anonymous_0)","decl":{"start":{"line":4,"column":45},"end":{"line":4,"column":46}},"loc":{"start":{"line":5,"column":2},"end":{"line":13,"column":8}},"line":5}},"branchMap":{},"s":{"0":2,"1":2},"f":{"0":2},"b":{},"_coverageSchema":"1a1c01bbd47fc00a2c39e90264f33305004495a9","hash":"9524521cfcc36b29e2eb71f4d86ed9990f72b3ab"}
,"/Users/emanuellourenco/Projectos/GIT Projects/calculator/src/hooks/useCalculations.tsx": {"path":"/Users/emanuellourenco/Projectos/GIT Projects/calculator/src/hooks/useCalculations.tsx","statementMap":{"0":{"start":{"line":3,"column":31},"end":{"line":96,"column":1}},"1":{"start":{"line":4,"column":32},"end":{"line":4,"column":53}},"2":{"start":{"line":5,"column":30},"end":{"line":5,"column":59}},"3":{"start":{"line":6,"column":28},"end":{"line":6,"column":49}},"4":{"start":{"line":8,"column":26},"end":{"line":21,"column":3}},"5":{"start":{"line":9,"column":4},"end":{"line":20,"column":5}},"6":{"start":{"line":11,"column":8},"end":{"line":11,"column":27}},"7":{"start":{"line":13,"column":8},"end":{"line":13,"column":27}},"8":{"start":{"line":15,"column":8},"end":{"line":15,"column":27}},"9":{"start":{"line":17,"column":8},"end":{"line":17,"column":27}},"10":{"start":{"line":19,"column":8},"end":{"line":19,"column":17}},"11":{"start":{"line":23,"column":26},"end":{"line":78,"column":3}},"12":{"start":{"line":24,"column":4},"end":{"line":77,"column":5}},"13":{"start":{"line":26,"column":8},"end":{"line":26,"column":24}},"14":{"start":{"line":27,"column":8},"end":{"line":27,"column":24}},"15":{"start":{"line":28,"column":8},"end":{"line":28,"column":22}},"16":{"start":{"line":29,"column":8},"end":{"line":29,"column":14}},"17":{"start":{"line":32,"column":8},"end":{"line":32,"column":24}},"18":{"start":{"line":33,"column":8},"end":{"line":33,"column":14}},"19":{"start":{"line":36,"column":8},"end":{"line":45,"column":9}},"20":{"start":{"line":37,"column":34},"end":{"line":41,"column":22}},"21":{"start":{"line":42,"column":10},"end":{"line":42,"column":30}},"22":{"start":{"line":44,"column":10},"end":{"line":44,"column":26}},"23":{"start":{"line":47,"column":8},"end":{"line":47,"column":22}},"24":{"start":{"line":48,"column":8},"end":{"line":48,"column":14}},"25":{"start":{"line":51,"column":8},"end":{"line":60,"column":9}},"26":{"start":{"line":52,"column":34},"end":{"line":56,"column":22}},"27":{"start":{"line":58,"column":10},"end":{"line":58,"column":28}},"28":{"start":{"line":59,"column":10},"end":{"line":59,"column":26}},"29":{"start":{"line":61,"column":8},"end":{"line":61,"column":14}},"30":{"start":{"line":64,"column":8},"end":{"line":73,"column":9}},"31":{"start":{"line":65,"column":34},"end":{"line":69,"column":22}},"32":{"start":{"line":70,"column":10},"end":{"line":70,"column":28}},"33":{"start":{"line":72,"column":10},"end":{"line":72,"column":28}},"34":{"start":{"line":75,"column":8},"end":{"line":75,"column":23}},"35":{"start":{"line":76,"column":8},"end":{"line":76,"column":24}},"36":{"start":{"line":80,"column":25},"end":{"line":93,"column":3}},"37":{"start":{"line":83,"column":4},"end":{"line":92,"column":5}},"38":{"start":{"line":84,"column":6},"end":{"line":90,"column":7}},"39":{"start":{"line":85,"column":21},"end":{"line":85,"column":41}},"40":{"start":{"line":86,"column":8},"end":{"line":86,"column":62}},"41":{"start":{"line":87,"column":8},"end":{"line":87,"column":27}},"42":{"start":{"line":89,"column":8},"end":{"line":89,"column":60}},"43":{"start":{"line":91,"column":6},"end":{"line":91,"column":25}},"44":{"start":{"line":95,"column":2},"end":{"line":95,"column":61}}},"fnMap":{"0":{"name":"(anonymous_0)","decl":{"start":{"line":3,"column":31},"end":{"line":3,"column":32}},"loc":{"start":{"line":3,"column":37},"end":{"line":96,"column":1}},"line":3},"1":{"name":"(anonymous_1)","decl":{"start":{"line":8,"column":26},"end":{"line":8,"column":27}},"loc":{"start":{"line":8,"column":71},"end":{"line":21,"column":3}},"line":8},"2":{"name":"(anonymous_2)","decl":{"start":{"line":23,"column":26},"end":{"line":23,"column":27}},"loc":{"start":{"line":23,"column":43},"end":{"line":78,"column":3}},"line":23},"3":{"name":"(anonymous_3)","decl":{"start":{"line":80,"column":25},"end":{"line":80,"column":26}},"loc":{"start":{"line":80,"column":42},"end":{"line":93,"column":3}},"line":80}},"branchMap":{"0":{"loc":{"start":{"line":9,"column":4},"end":{"line":20,"column":5}},"type":"switch","locations":[{"start":{"line":10,"column":6},"end":{"line":11,"column":27}},{"start":{"line":12,"column":6},"end":{"line":13,"column":27}},{"start":{"line":14,"column":6},"end":{"line":15,"column":27}},{"start":{"line":16,"column":6},"end":{"line":17,"column":27}},{"start":{"line":18,"column":6},"end":{"line":19,"column":17}}],"line":9},"1":{"loc":{"start":{"line":24,"column":4},"end":{"line":77,"column":5}},"type":"switch","locations":[{"start":{"line":25,"column":6},"end":{"line":29,"column":14}},{"start":{"line":31,"column":6},"end":{"line":33,"column":14}},{"start":{"line":35,"column":6},"end":{"line":48,"column":14}},{"start":{"line":50,"column":6},"end":{"line":61,"column":14}},{"start":{"line":63,"column":6},"end":{"line":76,"column":24}}],"line":24},"2":{"loc":{"start":{"line":36,"column":8},"end":{"line":45,"column":9}},"type":"if","locations":[{"start":{"line":36,"column":8},"end":{"line":45,"column":9}},{"start":{},"end":{}}],"line":36},"3":{"loc":{"start":{"line":51,"column":8},"end":{"line":60,"column":9}},"type":"if","locations":[{"start":{"line":51,"column":8},"end":{"line":60,"column":9}},{"start":{},"end":{}}],"line":51},"4":{"loc":{"start":{"line":64,"column":8},"end":{"line":73,"column":9}},"type":"if","locations":[{"start":{"line":64,"column":8},"end":{"line":73,"column":9}},{"start":{"line":71,"column":15},"end":{"line":73,"column":9}}],"line":64},"5":{"loc":{"start":{"line":83,"column":4},"end":{"line":92,"column":5}},"type":"if","locations":[{"start":{"line":83,"column":4},"end":{"line":92,"column":5}},{"start":{},"end":{}}],"line":83},"6":{"loc":{"start":{"line":84,"column":6},"end":{"line":90,"column":7}},"type":"if","locations":[{"start":{"line":84,"column":6},"end":{"line":90,"column":7}},{"start":{"line":88,"column":13},"end":{"line":90,"column":7}}],"line":84},"7":{"loc":{"start":{"line":86,"column":17},"end":{"line":86,"column":61}},"type":"cond-expr","locations":[{"start":{"line":86,"column":33},"end":{"line":86,"column":51}},{"start":{"line":86,"column":54},"end":{"line":86,"column":61}}],"line":86},"8":{"loc":{"start":{"line":89,"column":17},"end":{"line":89,"column":59}},"type":"cond-expr","locations":[{"start":{"line":89,"column":35},"end":{"line":89,"column":53}},{"start":{"line":89,"column":56},"end":{"line":89,"column":59}}],"line":89}},"s":{"0":1,"1":1,"2":1,"3":1,"4":1,"5":0,"6":0,"7":0,"8":0,"9":0,"10":0,"11":1,"12":0,"13":0,"14":0,"15":0,"16":0,"17":0,"18":0,"19":0,"20":0,"21":0,"22":0,"23":0,"24":0,"25":0,"26":0,"27":0,"28":0,"29":0,"30":0,"31":0,"32":0,"33":0,"34":0,"35":0,"36":1,"37":0,"38":0,"39":0,"40":0,"41":0,"42":0,"43":0,"44":1},"f":{"0":1,"1":0,"2":0,"3":0},"b":{"0":[0,0,0,0,0],"1":[0,0,0,0,0],"2":[0,0],"3":[0,0],"4":[0,0],"5":[0,0],"6":[0,0],"7":[0,0],"8":[0,0]},"_coverageSchema":"1a1c01bbd47fc00a2c39e90264f33305004495a9","hash":"050e5877dd34f3e2867dd8ee149b0b89cbe9c8af"}
}
