TN:
SF:src/App.tsx
FN:4,App
FNF:1
FNH:0
FNDA:0,App
DA:5,0
LF:1
LH:0
BRF:0
BRH:0
end_of_record
TN:
SF:src/index.tsx
FNF:0
FNH:0
DA:6,0
DA:9,0
LF:2
LH:0
BRF:0
BRH:0
end_of_record
TN:
SF:src/components/Button/Button.tsx
FN:4,(anonymous_0)
FN:12,(anonymous_1)
FNF:2
FNH:2
FNDA:1465,(anonymous_0)
FNDA:93,(anonymous_1)
DA:4,2
DA:9,1465
DA:13,93
LF:3
LH:3
BRF:0
BRH:0
end_of_record
TN:
SF:src/components/Calculator/Calculator.tsx
FN:5,(anonymous_0)
FNF:1
FNH:1
FNDA:83,(anonymous_0)
DA:5,1
DA:6,83
DA:8,83
LF:3
LH:3
BRDA:10,0,0,62
BRDA:10,0,1,21
BRF:2
BRH:2
end_of_record
TN:
SF:src/components/Keypad/Keypad.tsx
FN:5,(anonymous_0)
FNF:1
FNH:1
FNDA:77,(anonymous_0)
DA:5,1
DA:6,77
LF:2
LH:2
BRF:0
BRH:0
end_of_record
TN:
SF:src/components/Screen/Screen.tsx
FN:4,(anonymous_0)
FNF:1
FNH:1
FNDA:78,(anonymous_0)
DA:4,2
DA:5,78
LF:2
LH:2
BRF:0
BRH:0
end_of_record
TN:
SF:src/hooks/useCalculations.tsx
FN:3,(anonymous_0)
FN:8,(anonymous_1)
FN:22,(anonymous_2)
FN:79,(anonymous_3)
FNF:4
FNH:4
FNDA:83,(anonymous_0)
FNDA:7,(anonymous_1)
FNDA:17,(anonymous_2)
FNDA:75,(anonymous_3)
DA:3,1
DA:4,83
DA:5,83
DA:6,83
DA:8,83
DA:9,7
DA:11,3
DA:13,1
DA:15,1
DA:18,2
DA:22,83
DA:23,17
DA:25,1
DA:26,1
DA:27,1
DA:28,1
DA:31,1
DA:32,1
DA:35,6
DA:36,5
DA:41,5
DA:43,5
DA:46,6
DA:47,6
DA:50,2
DA:51,1
DA:57,1
DA:58,1
DA:60,2
DA:63,7
DA:64,1
DA:69,1
DA:71,6
DA:74,7
DA:75,7
DA:79,83
DA:82,75
DA:83,56
DA:84,7
DA:85,7
DA:86,7
DA:88,49
DA:90,56
DA:94,83
LF:44
LH:44
BRDA:9,0,0,3
BRDA:9,0,1,1
BRDA:9,0,2,1
BRDA:9,0,3,2
BRDA:23,1,0,1
BRDA:23,1,1,1
BRDA:23,1,2,6
BRDA:23,1,3,2
BRDA:23,1,4,7
BRDA:35,2,0,5
BRDA:35,2,1,1
BRDA:50,3,0,1
BRDA:50,3,1,1
BRDA:63,4,0,1
BRDA:63,4,1,6
BRDA:82,5,0,56
BRDA:82,5,1,19
BRDA:83,6,0,7
BRDA:83,6,1,49
BRDA:85,7,0,2
BRDA:85,7,1,5
BRDA:88,8,0,30
BRDA:88,8,1,19
BRF:23
BRH:23
end_of_record
